
> my-next-app@0.1.0 build
> next build

ÔÜá Warning: Next.js inferred your workspace root, but it may not be correct.
 We detected multiple lockfiles and selected the directory of C:\Users\Usuario\Documents\ESTANCIA IT GREE\FAESCO DOS NEXTJS\package-lock.json as the root directory.
 To silence this warning, set `turbopack.root` in your Next.js config, or consider removing one of the lockfiles if it's not needed.
   See https://nextjs.org/docs/app/api-reference/config/next-config-js/turbopack#root-directory for more information.
 Detected additional lockfiles: 
   * C:\Users\Usuario\Documents\ESTANCIA IT GREE\FAESCO DOS NEXTJS\PAGINA_FAESCO\package-lock.json

Ôû▓ Next.js 16.1.1 (Turbopack)
- Environments: .env.local

  Creating an optimized production build ...
Ô£ô Compiled successfully in 2.1s
  Running TypeScript ...
Failed to compile.

./components/ui/calendar.tsx:45:9
Type error: Object literal may only specify known properties, and 'IconLeft' does not exist in type 'Partial<CustomComponents>'.

  43 |       }}
  44 |       components={{
> 45 |         IconLeft: ({ ..._props }) => <ChevronLeft className="h-4 w-4" />,
     |         ^
  46 |         IconRight: ({ ..._props }) => <ChevronRight className="h-4 w-4" />,
  47 |       }}
  48 |       {...props}
Next.js build worker exited with code: 1 and signal: null
